13:40:28.422 INFO [GridLauncherV3.parse] - Selenium server version: 3.141.59, revision: e82be7d358
13:40:28.544 INFO [GridLauncherV3.lambda$buildLaunchers$3] - Launching a standalone Selenium Server on port 4444
2020-10-11 13:40:28.612:INFO::main: Logging initialized @561ms to org.seleniumhq.jetty9.util.log.StdErrLog
13:40:28.993 INFO [WebDriverServlet.<init>] - Initialising WebDriverServlet
13:40:29.520 INFO [SeleniumServer.boot] - Selenium Server is up and running on port 4444
13:40:30.413 INFO [ActiveSessionFactory.apply] - Capabilities are: {
  "acceptInsecureCerts": true,
  "acceptSslCerts": true,
  "browserName": "chrome",
  "chromeOptions": {
    "w3c": false,
    "args": [
      "disable-web-security",
      "allow-running-insecure-content",
      "--window-size=1920,1080"
    ],
    "perfLoggingPrefs": {
      "enableNetwork": true
    }
  },
  "goog:loggingPrefs": {
    "driver": "ALL",
    "server": "ALL",
    "browser": "ALL",
    "performance": "ALL"
  }
}
13:40:30.415 INFO [ActiveSessionFactory.lambda$apply$11] - Matched factory org.openqa.selenium.grid.session.remote.ServicedSession$Factory (provider: org.openqa.selenium.chrome.ChromeDriverService)
Starting ChromeDriver 85.0.4183.38 (9047dbc2c693f044042bbec5c91401c708c7c26a-refs/branch-heads/4183@{#779}) on port 8440
Only local connections are allowed.
Please see https://chromedriver.chromium.org/security-considerations for suggestions on keeping ChromeDriver safe.
ChromeDriver was started successfully.
[1602403831.762][WARNING]: Ignoring unrecognized log type: server
[1602403833.705][WARNING]: This version of ChromeDriver has not been tested with Chrome version 86.
13:40:35.798 INFO [ProtocolHandshake.createSession] - Detected dialect: OSS
13:40:36.247 INFO [RemoteSession$Factory.lambda$performHandshake$0] - Started new session a48e69b343910cb8940fb35ec0dd9e77 (org.openqa.selenium.chrome.ChromeDriverService)
